<?xml version="1.0" encoding="utf-8"?><testsuites name="pytest tests"><testsuite name="pytest" errors="0" failures="0" skipped="0" tests="4" time="56.453" timestamp="2026-08-06T13:38:35.313480+00:00" hostname="agent-env-f815148b-a364-46d1-a192-35c1e501f32f"><testcase classname="tests.test_resume_parse" name="test_reject_non_pdf_extension" time="0.359" /><testcase classname="tests.test_resume_parse" name="test_empty_pdf_rejected_with_updated_message" time="1.000" /><testcase classname="tests.test_resume_parse" name="test_parse_text_pdf_used_ocr_false" time="21.497" /><testcase classname="tests.test_resume_parse" name="test_image_pdf_triggers_ocr_fallback" time="32.888" /></testsuite></testsuites>